<?xml version="1.0" encoding="UTF-8"?>
<!-- Generated by org.testng.reporters.JUnitReportReporter -->
<testsuite hostname="DESKTOP-EN357V9" failures="0" tests="4" name="calculatorAssignment.Onlinecalculator" time="14.355" errors="0" timestamp="2021-05-26T02:58:11 IST" skipped="0">
  <testcase classname="calculatorAssignment.Onlinecalculator" name="mul" time="3.327"/>
  <system-out/>
  <testcase classname="calculatorAssignment.Onlinecalculator" name="sub" time="3.822"/>
  <system-out/>
  <testcase classname="calculatorAssignment.Onlinecalculator" name="add" time="3.819"/>
  <system-out/>
  <testcase classname="calculatorAssignment.Onlinecalculator" name="div" time="3.387"/>
  <system-out/>
</testsuite> <!-- calculatorAssignment.Onlinecalculator -->
